INFO: [VRFC 10-2263] Analyzing Verilog file "C:/Project/arb/arb.sim/sim_1/synth/func/xsim/clk_div_tb_func_synth.v" into library xil_defaultlib
INFO: [VRFC 10-311] analyzing module dbg_hub_CV
INFO: [VRFC 10-311] analyzing module u_ila_0_CV
INFO: [VRFC 10-311] analyzing module BRAM_imp_AGABTZ
INFO: [VRFC 10-311] analyzing module PS7_imp_UBDUYB
INFO: [VRFC 10-311] analyzing module design_1
INFO: [VRFC 10-311] analyzing module design_1_Ctrl_0_1
INFO: [VRFC 10-311] analyzing module design_1_Ctrl_0_1_Ctrl
INFO: [VRFC 10-311] analyzing module design_1_Mux32bit_2_1_0_0
INFO: [VRFC 10-311] analyzing module design_1_Mux32bit_2_1_0_0_Mux32bit_2_1
INFO: [VRFC 10-311] analyzing module design_1_axi_bram_ctrl_0_0
INFO: [VRFC 10-311] analyzing module design_1_axi_bram_ctrl_0_0_axi_bram_ctrl
INFO: [VRFC 10-311] analyzing module design_1_axi_bram_ctrl_0_0_axi_bram_ctrl_top
INFO: [VRFC 10-311] analyzing module design_1_axi_bram_ctrl_0_0_full_axi
INFO: [VRFC 10-311] analyzing module design_1_axi_bram_ctrl_0_0_rd_chnl
INFO: [VRFC 10-311] analyzing module design_1_axi_bram_ctrl_0_0_sng_port_arb
INFO: [VRFC 10-311] analyzing module design_1_axi_bram_ctrl_0_0_wr_chnl
INFO: [VRFC 10-311] analyzing module design_1_axi_bram_ctrl_0_0_wrap_brst
INFO: [VRFC 10-311] analyzing module design_1_axi_bram_ctrl_0_0_wrap_brst_0
INFO: [VRFC 10-311] analyzing module design_1_axi_bram_ctrl_0_bram_0
INFO: [VRFC 10-311] analyzing module design_1_axi_smc_0
INFO: [VRFC 10-311] analyzing module design_1_axi_smc_0_bd_afc3
INFO: [VRFC 10-311] analyzing module design_1_axi_smc_0_bd_afc3_m00e_0
INFO: [VRFC 10-311] analyzing module design_1_axi_smc_0_bd_afc3_m00s2a_0
INFO: [VRFC 10-311] analyzing module design_1_axi_smc_0_bd_afc3_psr_aclk_0
INFO: [VRFC 10-311] analyzing module design_1_axi_smc_0_bd_afc3_s00a2s_0
INFO: [VRFC 10-311] analyzing module design_1_axi_smc_0_bd_afc3_s00mmu_0
INFO: [VRFC 10-311] analyzing module design_1_axi_smc_0_bd_afc3_s00sic_0
INFO: [VRFC 10-311] analyzing module design_1_axi_smc_0_bd_afc3_s00tr_0
INFO: [VRFC 10-311] analyzing module design_1_axi_smc_0_bd_afc3_sarn_0
INFO: [VRFC 10-311] analyzing module design_1_axi_smc_0_bd_afc3_sawn_0
INFO: [VRFC 10-311] analyzing module design_1_axi_smc_0_bd_afc3_sbn_0
INFO: [VRFC 10-311] analyzing module design_1_axi_smc_0_bd_afc3_srn_0
INFO: [VRFC 10-311] analyzing module design_1_axi_smc_0_bd_afc3_swn_0
INFO: [VRFC 10-311] analyzing module design_1_axi_smc_0_cdc_sync
INFO: [VRFC 10-311] analyzing module design_1_axi_smc_0_clk_map_imp_5Y9LOC
INFO: [VRFC 10-311] analyzing module design_1_axi_smc_0_lpf
INFO: [VRFC 10-311] analyzing module design_1_axi_smc_0_m00_exit_pipeline_imp_1TZX5BB
INFO: [VRFC 10-311] analyzing module design_1_axi_smc_0_proc_sys_reset
INFO: [VRFC 10-311] analyzing module design_1_axi_smc_0_s00_entry_pipeline_imp_USCCV8
INFO: [VRFC 10-311] analyzing module design_1_axi_smc_0_s00_nodes_imp_Y7M43I
INFO: [VRFC 10-311] analyzing module design_1_axi_smc_0_sequence_psr
INFO: [VRFC 10-311] analyzing module design_1_axi_smc_0_upcnt_n
INFO: [VRFC 10-311] analyzing module design_1_axi_smc_0_xpm_cdc_async_rst
INFO: [VRFC 10-311] analyzing module design_1_axi_smc_0_xpm_cdc_async_rst__1
INFO: [VRFC 10-311] analyzing module design_1_axi_smc_0_xpm_cdc_async_rst__10
INFO: [VRFC 10-311] analyzing module design_1_axi_smc_0_xpm_cdc_async_rst__11
INFO: [VRFC 10-311] analyzing module design_1_axi_smc_0_xpm_cdc_async_rst__12
INFO: [VRFC 10-311] analyzing module design_1_axi_smc_0_xpm_cdc_async_rst__13
INFO: [VRFC 10-311] analyzing module design_1_axi_smc_0_xpm_cdc_async_rst__2
INFO: [VRFC 10-311] analyzing module design_1_axi_smc_0_xpm_cdc_async_rst__3
INFO: [VRFC 10-311] analyzing module design_1_axi_smc_0_xpm_cdc_async_rst__4
INFO: [VRFC 10-311] analyzing module design_1_axi_smc_0_xpm_cdc_async_rst__5
INFO: [VRFC 10-311] analyzing module design_1_axi_smc_0_xpm_cdc_async_rst__6
INFO: [VRFC 10-311] analyzing module design_1_axi_smc_0_xpm_cdc_async_rst__7
INFO: [VRFC 10-311] analyzing module design_1_axi_smc_0_xpm_cdc_async_rst__8
INFO: [VRFC 10-311] analyzing module design_1_axi_smc_0_xpm_cdc_async_rst__9
INFO: [VRFC 10-311] analyzing module design_1_axi_smc_0_xpm_memory_base
INFO: [VRFC 10-311] analyzing module design_1_axi_smc_0_xpm_memory_base__2
INFO: [VRFC 10-311] analyzing module design_1_axi_smc_0_xpm_memory_base__parameterized0
INFO: [VRFC 10-311] analyzing module design_1_axi_smc_0_xpm_memory_base__parameterized1
INFO: [VRFC 10-311] analyzing module design_1_axi_smc_0_xpm_memory_base__parameterized2
INFO: [VRFC 10-311] analyzing module design_1_axi_smc_0_xpm_memory_sdpram
INFO: [VRFC 10-311] analyzing module design_1_axi_smc_0_xpm_memory_sdpram__2
INFO: [VRFC 10-311] analyzing module design_1_axi_smc_0_xpm_memory_sdpram__parameterized0
INFO: [VRFC 10-311] analyzing module design_1_axi_smc_0_xpm_memory_sdpram__parameterized1
INFO: [VRFC 10-311] analyzing module design_1_axi_smc_0_xpm_memory_sdpram__parameterized2
INFO: [VRFC 10-311] analyzing module design_1_bram_reader_0_0
INFO: [VRFC 10-311] analyzing module design_1_bram_reader_0_0_bram_reader
INFO: [VRFC 10-311] analyzing module design_1_clk_div_0_0
INFO: [VRFC 10-311] analyzing module design_1_clk_div_0_0_clk_div
INFO: [VRFC 10-311] analyzing module design_1_processing_system7_0_0
INFO: [VRFC 10-311] analyzing module design_1_processing_system7_0_0_processing_system7_v5_5_processing_system7
INFO: [VRFC 10-311] analyzing module design_1_red_pitaya_dac_0_0
INFO: [VRFC 10-311] analyzing module design_1_red_pitaya_dac_0_0_red_pitaya_dac
INFO: [VRFC 10-311] analyzing module design_1_rst_ps7_0_50M_0
INFO: [VRFC 10-311] analyzing module design_1_rst_ps7_0_50M_0_cdc_sync
INFO: [VRFC 10-311] analyzing module design_1_rst_ps7_0_50M_0_cdc_sync_0
INFO: [VRFC 10-311] analyzing module design_1_rst_ps7_0_50M_0_lpf
INFO: [VRFC 10-311] analyzing module design_1_rst_ps7_0_50M_0_proc_sys_reset
INFO: [VRFC 10-311] analyzing module design_1_rst_ps7_0_50M_0_sequence_psr
INFO: [VRFC 10-311] analyzing module design_1_rst_ps7_0_50M_0_upcnt_n
INFO: [VRFC 10-311] analyzing module design_1_util_ds_buf_0_0
INFO: [VRFC 10-311] analyzing module design_1_util_ds_buf_0_0_util_ds_buf
INFO: [VRFC 10-311] analyzing module design_1_util_ds_buf_1_0
INFO: [VRFC 10-311] analyzing module design_1_util_ds_buf_1_0_util_ds_buf
INFO: [VRFC 10-311] analyzing module design_1_util_vector_logic_0_0
INFO: [VRFC 10-311] analyzing module design_1_util_vector_logic_0_0_util_vector_logic_v2_0_2_util_vector_logic
INFO: [VRFC 10-311] analyzing module design_1_util_vector_logic_0_1
INFO: [VRFC 10-311] analyzing module design_1_util_vector_logic_0_1_util_vector_logic_v2_0_2_util_vector_logic
INFO: [VRFC 10-311] analyzing module design_1_util_vector_logic_0_3
INFO: [VRFC 10-311] analyzing module design_1_util_vector_logic_0_4
INFO: [VRFC 10-311] analyzing module design_1_util_vector_logic_0_5
INFO: [VRFC 10-311] analyzing module design_1_util_vector_logic_0_6
INFO: [VRFC 10-311] analyzing module design_1_util_vector_logic_5_0
INFO: [VRFC 10-311] analyzing module design_1_util_vector_logic_5_1
INFO: [VRFC 10-311] analyzing module design_1_wrapper
INFO: [VRFC 10-311] analyzing module design_1_xlslice_0_0
INFO: [VRFC 10-311] analyzing module design_1_axi_smc_0_sc_axi2sc_v1_0_8_top
INFO: [VRFC 10-311] analyzing module design_1_axi_smc_0_sc_exit_v1_0_13_exit
INFO: [VRFC 10-311] analyzing module design_1_axi_smc_0_sc_exit_v1_0_13_top
INFO: [VRFC 10-311] analyzing module design_1_axi_smc_0_sc_mmu_v1_0_11_decerr_slave
INFO: [VRFC 10-311] analyzing module design_1_axi_smc_0_sc_mmu_v1_0_11_top
INFO: [VRFC 10-311] analyzing module design_1_axi_smc_0_sc_node_v1_0_14_fifo
INFO: [VRFC 10-311] analyzing module design_1_axi_smc_0_sc_node_v1_0_14_fifo__parameterized0
INFO: [VRFC 10-311] analyzing module design_1_axi_smc_0_sc_node_v1_0_14_fifo__parameterized1
INFO: [VRFC 10-311] analyzing module design_1_axi_smc_0_sc_node_v1_0_14_fifo__parameterized2
INFO: [VRFC 10-311] analyzing module design_1_axi_smc_0_sc_node_v1_0_14_fifo__xdcDup__1
INFO: [VRFC 10-311] analyzing module design_1_axi_smc_0_sc_node_v1_0_14_mi_handler
INFO: [VRFC 10-311] analyzing module design_1_axi_smc_0_sc_node_v1_0_14_mi_handler__parameterized0
INFO: [VRFC 10-311] analyzing module design_1_axi_smc_0_sc_node_v1_0_14_mi_handler__parameterized1
INFO: [VRFC 10-311] analyzing module design_1_axi_smc_0_sc_node_v1_0_14_mi_handler__parameterized2
INFO: [VRFC 10-311] analyzing module design_1_axi_smc_0_sc_node_v1_0_14_mi_handler__parameterized3
INFO: [VRFC 10-311] analyzing module design_1_axi_smc_0_sc_node_v1_0_14_si_handler
INFO: [VRFC 10-311] analyzing module design_1_axi_smc_0_sc_node_v1_0_14_si_handler__parameterized0
INFO: [VRFC 10-311] analyzing module design_1_axi_smc_0_sc_node_v1_0_14_si_handler__parameterized1
INFO: [VRFC 10-311] analyzing module design_1_axi_smc_0_sc_node_v1_0_14_si_handler__parameterized2
INFO: [VRFC 10-311] analyzing module design_1_axi_smc_0_sc_node_v1_0_14_si_handler__parameterized3
INFO: [VRFC 10-311] analyzing module design_1_axi_smc_0_sc_node_v1_0_14_top
INFO: [VRFC 10-311] analyzing module design_1_axi_smc_0_sc_node_v1_0_14_top__parameterized0
INFO: [VRFC 10-311] analyzing module design_1_axi_smc_0_sc_node_v1_0_14_top__parameterized1
INFO: [VRFC 10-311] analyzing module design_1_axi_smc_0_sc_node_v1_0_14_top__parameterized2
INFO: [VRFC 10-311] analyzing module design_1_axi_smc_0_sc_node_v1_0_14_top__parameterized3
INFO: [VRFC 10-311] analyzing module design_1_axi_smc_0_sc_sc2axi_v1_0_8_top
INFO: [VRFC 10-311] analyzing module design_1_axi_smc_0_sc_si_converter_v1_0_11_offset_fifo
INFO: [VRFC 10-311] analyzing module design_1_axi_smc_0_sc_si_converter_v1_0_11_offset_fifo__parameterized0
INFO: [VRFC 10-311] analyzing module design_1_axi_smc_0_sc_si_converter_v1_0_11_splitter
INFO: [VRFC 10-311] analyzing module design_1_axi_smc_0_sc_si_converter_v1_0_11_top
INFO: [VRFC 10-311] analyzing module design_1_axi_smc_0_sc_si_converter_v1_0_11_wrap_narrow
INFO: [VRFC 10-311] analyzing module design_1_axi_smc_0_sc_transaction_regulator_v1_0_9_singleorder
INFO: [VRFC 10-311] analyzing module design_1_axi_smc_0_sc_transaction_regulator_v1_0_9_singleorder_13
INFO: [VRFC 10-311] analyzing module design_1_axi_smc_0_sc_transaction_regulator_v1_0_9_top
INFO: [VRFC 10-311] analyzing module design_1_axi_smc_0_sc_util_v1_0_4_axi_reg_stall__parameterized0
INFO: [VRFC 10-311] analyzing module design_1_axi_smc_0_sc_util_v1_0_4_axi_reg_stall__parameterized0_154
INFO: [VRFC 10-311] analyzing module design_1_axi_smc_0_sc_util_v1_0_4_axi_reg_stall__parameterized0_155
INFO: [VRFC 10-311] analyzing module design_1_axi_smc_0_sc_util_v1_0_4_axi_reg_stall__parameterized0_41
INFO: [VRFC 10-311] analyzing module design_1_axi_smc_0_sc_util_v1_0_4_axic_reg_srl_fifo
INFO: [VRFC 10-311] analyzing module design_1_axi_smc_0_sc_util_v1_0_4_axic_reg_srl_fifo__parameterized0
INFO: [VRFC 10-311] analyzing module design_1_axi_smc_0_sc_util_v1_0_4_axic_reg_srl_fifo__parameterized1
INFO: [VRFC 10-311] analyzing module design_1_axi_smc_0_sc_util_v1_0_4_axic_reg_srl_fifo__parameterized2
INFO: [VRFC 10-311] analyzing module design_1_axi_smc_0_sc_util_v1_0_4_axic_reg_srl_fifo__parameterized3
INFO: [VRFC 10-311] analyzing module design_1_axi_smc_0_sc_util_v1_0_4_axic_reg_srl_fifo__parameterized3_25
INFO: [VRFC 10-311] analyzing module design_1_axi_smc_0_sc_util_v1_0_4_axic_reg_srl_fifo__parameterized3_42
INFO: [VRFC 10-311] analyzing module design_1_axi_smc_0_sc_util_v1_0_4_axic_reg_srl_fifo__parameterized3_98
INFO: [VRFC 10-311] analyzing module design_1_axi_smc_0_sc_util_v1_0_4_axic_reg_srl_fifo__parameterized4
INFO: [VRFC 10-311] analyzing module design_1_axi_smc_0_sc_util_v1_0_4_counter
INFO: [VRFC 10-311] analyzing module design_1_axi_smc_0_sc_util_v1_0_4_counter_0
INFO: [VRFC 10-311] analyzing module design_1_axi_smc_0_sc_util_v1_0_4_counter_1
INFO: [VRFC 10-311] analyzing module design_1_axi_smc_0_sc_util_v1_0_4_counter_10
INFO: [VRFC 10-311] analyzing module design_1_axi_smc_0_sc_util_v1_0_4_counter_11
INFO: [VRFC 10-311] analyzing module design_1_axi_smc_0_sc_util_v1_0_4_counter_2
INFO: [VRFC 10-311] analyzing module design_1_axi_smc_0_sc_util_v1_0_4_counter_4
INFO: [VRFC 10-311] analyzing module design_1_axi_smc_0_sc_util_v1_0_4_counter_5
INFO: [VRFC 10-311] analyzing module design_1_axi_smc_0_sc_util_v1_0_4_counter_7
INFO: [VRFC 10-311] analyzing module design_1_axi_smc_0_sc_util_v1_0_4_counter_8
INFO: [VRFC 10-311] analyzing module design_1_axi_smc_0_sc_util_v1_0_4_counter__parameterized0
INFO: [VRFC 10-311] analyzing module design_1_axi_smc_0_sc_util_v1_0_4_counter__parameterized0_12
INFO: [VRFC 10-311] analyzing module design_1_axi_smc_0_sc_util_v1_0_4_counter__parameterized0_3
INFO: [VRFC 10-311] analyzing module design_1_axi_smc_0_sc_util_v1_0_4_counter__parameterized0_6
INFO: [VRFC 10-311] analyzing module design_1_axi_smc_0_sc_util_v1_0_4_counter__parameterized0_9
INFO: [VRFC 10-311] analyzing module design_1_axi_smc_0_sc_util_v1_0_4_srl_rtl
INFO: [VRFC 10-311] analyzing module design_1_axi_smc_0_sc_util_v1_0_4_srl_rtl_133
INFO: [VRFC 10-311] analyzing module design_1_axi_smc_0_sc_util_v1_0_4_srl_rtl_134
INFO: [VRFC 10-311] analyzing module design_1_axi_smc_0_sc_util_v1_0_4_srl_rtl_135
INFO: [VRFC 10-311] analyzing module design_1_axi_smc_0_sc_util_v1_0_4_srl_rtl_136
INFO: [VRFC 10-311] analyzing module design_1_axi_smc_0_sc_util_v1_0_4_srl_rtl_137
INFO: [VRFC 10-311] analyzing module design_1_axi_smc_0_sc_util_v1_0_4_srl_rtl_138
INFO: [VRFC 10-311] analyzing module design_1_axi_smc_0_sc_util_v1_0_4_srl_rtl_139
INFO: [VRFC 10-311] analyzing module design_1_axi_smc_0_sc_util_v1_0_4_srl_rtl_14
INFO: [VRFC 10-311] analyzing module design_1_axi_smc_0_sc_util_v1_0_4_srl_rtl_140
INFO: [VRFC 10-311] analyzing module design_1_axi_smc_0_sc_util_v1_0_4_srl_rtl_141
INFO: [VRFC 10-311] analyzing module design_1_axi_smc_0_sc_util_v1_0_4_srl_rtl_142
INFO: [VRFC 10-311] analyzing module design_1_axi_smc_0_sc_util_v1_0_4_srl_rtl_143
INFO: [VRFC 10-311] analyzing module design_1_axi_smc_0_sc_util_v1_0_4_srl_rtl_144
INFO: [VRFC 10-311] analyzing module design_1_axi_smc_0_sc_util_v1_0_4_srl_rtl_145
INFO: [VRFC 10-311] analyzing module design_1_axi_smc_0_sc_util_v1_0_4_srl_rtl_146
INFO: [VRFC 10-311] analyzing module design_1_axi_smc_0_sc_util_v1_0_4_srl_rtl_147
INFO: [VRFC 10-311] analyzing module design_1_axi_smc_0_sc_util_v1_0_4_srl_rtl_148
INFO: [VRFC 10-311] analyzing module design_1_axi_smc_0_sc_util_v1_0_4_srl_rtl_149
INFO: [VRFC 10-311] analyzing module design_1_axi_smc_0_sc_util_v1_0_4_srl_rtl_15
INFO: [VRFC 10-311] analyzing module design_1_axi_smc_0_sc_util_v1_0_4_srl_rtl_150
INFO: [VRFC 10-311] analyzing module design_1_axi_smc_0_sc_util_v1_0_4_srl_rtl_151
INFO: [VRFC 10-311] analyzing module design_1_axi_smc_0_sc_util_v1_0_4_srl_rtl_152
INFO: [VRFC 10-311] analyzing module design_1_axi_smc_0_sc_util_v1_0_4_srl_rtl_153
INFO: [VRFC 10-311] analyzing module design_1_axi_smc_0_sc_util_v1_0_4_srl_rtl_156
INFO: [VRFC 10-311] analyzing module design_1_axi_smc_0_sc_util_v1_0_4_srl_rtl_157
INFO: [VRFC 10-311] analyzing module design_1_axi_smc_0_sc_util_v1_0_4_srl_rtl_158
INFO: [VRFC 10-311] analyzing module design_1_axi_smc_0_sc_util_v1_0_4_srl_rtl_159
INFO: [VRFC 10-311] analyzing module design_1_axi_smc_0_sc_util_v1_0_4_srl_rtl_16
INFO: [VRFC 10-311] analyzing module design_1_axi_smc_0_sc_util_v1_0_4_srl_rtl_160
INFO: [VRFC 10-311] analyzing module design_1_axi_smc_0_sc_util_v1_0_4_srl_rtl_17
INFO: [VRFC 10-311] analyzing module design_1_axi_smc_0_sc_util_v1_0_4_srl_rtl_18
INFO: [VRFC 10-311] analyzing module design_1_axi_smc_0_sc_util_v1_0_4_srl_rtl_19
INFO: [VRFC 10-311] analyzing module design_1_axi_smc_0_sc_util_v1_0_4_srl_rtl_20
INFO: [VRFC 10-311] analyzing module design_1_axi_smc_0_sc_util_v1_0_4_srl_rtl_21
INFO: [VRFC 10-311] analyzing module design_1_axi_smc_0_sc_util_v1_0_4_srl_rtl_22
INFO: [VRFC 10-311] analyzing module design_1_axi_smc_0_sc_util_v1_0_4_srl_rtl_23
INFO: [VRFC 10-311] analyzing module design_1_axi_smc_0_sc_util_v1_0_4_srl_rtl_24
INFO: [VRFC 10-311] analyzing module design_1_axi_smc_0_sc_util_v1_0_4_srl_rtl_26
INFO: [VRFC 10-311] analyzing module design_1_axi_smc_0_sc_util_v1_0_4_srl_rtl_27
INFO: [VRFC 10-311] analyzing module design_1_axi_smc_0_sc_util_v1_0_4_srl_rtl_28
INFO: [VRFC 10-311] analyzing module design_1_axi_smc_0_sc_util_v1_0_4_srl_rtl_29
INFO: [VRFC 10-311] analyzing module design_1_axi_smc_0_sc_util_v1_0_4_srl_rtl_30
INFO: [VRFC 10-311] analyzing module design_1_axi_smc_0_sc_util_v1_0_4_srl_rtl_31
INFO: [VRFC 10-311] analyzing module design_1_axi_smc_0_sc_util_v1_0_4_srl_rtl_32
INFO: [VRFC 10-311] analyzing module design_1_axi_smc_0_sc_util_v1_0_4_srl_rtl_33
INFO: [VRFC 10-311] analyzing module design_1_axi_smc_0_sc_util_v1_0_4_srl_rtl_34
INFO: [VRFC 10-311] analyzing module design_1_axi_smc_0_sc_util_v1_0_4_srl_rtl_35
INFO: [VRFC 10-311] analyzing module design_1_axi_smc_0_sc_util_v1_0_4_srl_rtl_36
INFO: [VRFC 10-311] analyzing module design_1_axi_smc_0_sc_util_v1_0_4_srl_rtl_37
INFO: [VRFC 10-311] analyzing module design_1_axi_smc_0_sc_util_v1_0_4_srl_rtl_38
INFO: [VRFC 10-311] analyzing module design_1_axi_smc_0_sc_util_v1_0_4_srl_rtl_39
INFO: [VRFC 10-311] analyzing module design_1_axi_smc_0_sc_util_v1_0_4_srl_rtl_40
INFO: [VRFC 10-311] analyzing module design_1_axi_smc_0_sc_util_v1_0_4_srl_rtl_78
INFO: [VRFC 10-311] analyzing module design_1_axi_smc_0_sc_util_v1_0_4_srl_rtl_79
INFO: [VRFC 10-311] analyzing module design_1_axi_smc_0_sc_util_v1_0_4_srl_rtl_80
INFO: [VRFC 10-311] analyzing module design_1_axi_smc_0_sc_util_v1_0_4_srl_rtl_81
INFO: [VRFC 10-311] analyzing module design_1_axi_smc_0_sc_util_v1_0_4_srl_rtl_82
INFO: [VRFC 10-311] analyzing module design_1_axi_smc_0_sc_util_v1_0_4_srl_rtl_83
INFO: [VRFC 10-311] analyzing module design_1_axi_smc_0_sc_util_v1_0_4_srl_rtl_84
INFO: [VRFC 10-311] analyzing module design_1_axi_smc_0_sc_util_v1_0_4_srl_rtl_85
INFO: [VRFC 10-311] analyzing module design_1_axi_smc_0_sc_util_v1_0_4_srl_rtl_86
INFO: [VRFC 10-311] analyzing module design_1_axi_smc_0_sc_util_v1_0_4_srl_rtl_87
INFO: [VRFC 10-311] analyzing module design_1_axi_smc_0_sc_util_v1_0_4_srl_rtl_88
INFO: [VRFC 10-311] analyzing module design_1_axi_smc_0_sc_util_v1_0_4_srl_rtl_89
INFO: [VRFC 10-311] analyzing module design_1_axi_smc_0_sc_util_v1_0_4_srl_rtl_90
INFO: [VRFC 10-311] analyzing module design_1_axi_smc_0_sc_util_v1_0_4_srl_rtl_91
INFO: [VRFC 10-311] analyzing module design_1_axi_smc_0_sc_util_v1_0_4_srl_rtl_92
INFO: [VRFC 10-311] analyzing module design_1_axi_smc_0_sc_util_v1_0_4_srl_rtl_93
INFO: [VRFC 10-311] analyzing module design_1_axi_smc_0_sc_util_v1_0_4_srl_rtl_94
INFO: [VRFC 10-311] analyzing module design_1_axi_smc_0_sc_util_v1_0_4_srl_rtl_95
INFO: [VRFC 10-311] analyzing module design_1_axi_smc_0_sc_util_v1_0_4_srl_rtl_96
INFO: [VRFC 10-311] analyzing module design_1_axi_smc_0_sc_util_v1_0_4_srl_rtl_97
INFO: [VRFC 10-311] analyzing module design_1_axi_smc_0_sc_util_v1_0_4_srl_rtl__parameterized0
INFO: [VRFC 10-311] analyzing module design_1_axi_smc_0_sc_util_v1_0_4_srl_rtl__parameterized0_100
INFO: [VRFC 10-311] analyzing module design_1_axi_smc_0_sc_util_v1_0_4_srl_rtl__parameterized0_101
INFO: [VRFC 10-311] analyzing module design_1_axi_smc_0_sc_util_v1_0_4_srl_rtl__parameterized0_102
INFO: [VRFC 10-311] analyzing module design_1_axi_smc_0_sc_util_v1_0_4_srl_rtl__parameterized0_103
INFO: [VRFC 10-311] analyzing module design_1_axi_smc_0_sc_util_v1_0_4_srl_rtl__parameterized0_104
INFO: [VRFC 10-311] analyzing module design_1_axi_smc_0_sc_util_v1_0_4_srl_rtl__parameterized0_105
INFO: [VRFC 10-311] analyzing module design_1_axi_smc_0_sc_util_v1_0_4_srl_rtl__parameterized0_106
INFO: [VRFC 10-311] analyzing module design_1_axi_smc_0_sc_util_v1_0_4_srl_rtl__parameterized0_107
INFO: [VRFC 10-311] analyzing module design_1_axi_smc_0_sc_util_v1_0_4_srl_rtl__parameterized0_108
INFO: [VRFC 10-311] analyzing module design_1_axi_smc_0_sc_util_v1_0_4_srl_rtl__parameterized0_109
INFO: [VRFC 10-311] analyzing module design_1_axi_smc_0_sc_util_v1_0_4_srl_rtl__parameterized0_110
INFO: [VRFC 10-311] analyzing module design_1_axi_smc_0_sc_util_v1_0_4_srl_rtl__parameterized0_111
INFO: [VRFC 10-311] analyzing module design_1_axi_smc_0_sc_util_v1_0_4_srl_rtl__parameterized0_112
INFO: [VRFC 10-311] analyzing module design_1_axi_smc_0_sc_util_v1_0_4_srl_rtl__parameterized0_113
INFO: [VRFC 10-311] analyzing module design_1_axi_smc_0_sc_util_v1_0_4_srl_rtl__parameterized0_114
INFO: [VRFC 10-311] analyzing module design_1_axi_smc_0_sc_util_v1_0_4_srl_rtl__parameterized0_115
INFO: [VRFC 10-311] analyzing module design_1_axi_smc_0_sc_util_v1_0_4_srl_rtl__parameterized0_116
INFO: [VRFC 10-311] analyzing module design_1_axi_smc_0_sc_util_v1_0_4_srl_rtl__parameterized0_117
INFO: [VRFC 10-311] analyzing module design_1_axi_smc_0_sc_util_v1_0_4_srl_rtl__parameterized0_118
INFO: [VRFC 10-311] analyzing module design_1_axi_smc_0_sc_util_v1_0_4_srl_rtl__parameterized0_119
INFO: [VRFC 10-311] analyzing module design_1_axi_smc_0_sc_util_v1_0_4_srl_rtl__parameterized0_120
INFO: [VRFC 10-311] analyzing module design_1_axi_smc_0_sc_util_v1_0_4_srl_rtl__parameterized0_121
INFO: [VRFC 10-311] analyzing module design_1_axi_smc_0_sc_util_v1_0_4_srl_rtl__parameterized0_122
INFO: [VRFC 10-311] analyzing module design_1_axi_smc_0_sc_util_v1_0_4_srl_rtl__parameterized0_123
INFO: [VRFC 10-311] analyzing module design_1_axi_smc_0_sc_util_v1_0_4_srl_rtl__parameterized0_124
INFO: [VRFC 10-311] analyzing module design_1_axi_smc_0_sc_util_v1_0_4_srl_rtl__parameterized0_125
INFO: [VRFC 10-311] analyzing module design_1_axi_smc_0_sc_util_v1_0_4_srl_rtl__parameterized0_126
INFO: [VRFC 10-311] analyzing module design_1_axi_smc_0_sc_util_v1_0_4_srl_rtl__parameterized0_127
INFO: [VRFC 10-311] analyzing module design_1_axi_smc_0_sc_util_v1_0_4_srl_rtl__parameterized0_128
INFO: [VRFC 10-311] analyzing module design_1_axi_smc_0_sc_util_v1_0_4_srl_rtl__parameterized0_129
INFO: [VRFC 10-311] analyzing module design_1_axi_smc_0_sc_util_v1_0_4_srl_rtl__parameterized0_130
INFO: [VRFC 10-311] analyzing module design_1_axi_smc_0_sc_util_v1_0_4_srl_rtl__parameterized0_131
INFO: [VRFC 10-311] analyzing module design_1_axi_smc_0_sc_util_v1_0_4_srl_rtl__parameterized0_132
INFO: [VRFC 10-311] analyzing module design_1_axi_smc_0_sc_util_v1_0_4_srl_rtl__parameterized0_43
INFO: [VRFC 10-311] analyzing module design_1_axi_smc_0_sc_util_v1_0_4_srl_rtl__parameterized0_44
INFO: [VRFC 10-311] analyzing module design_1_axi_smc_0_sc_util_v1_0_4_srl_rtl__parameterized0_45
INFO: [VRFC 10-311] analyzing module design_1_axi_smc_0_sc_util_v1_0_4_srl_rtl__parameterized0_46
INFO: [VRFC 10-311] analyzing module design_1_axi_smc_0_sc_util_v1_0_4_srl_rtl__parameterized0_47
INFO: [VRFC 10-311] analyzing module design_1_axi_smc_0_sc_util_v1_0_4_srl_rtl__parameterized0_48
INFO: [VRFC 10-311] analyzing module design_1_axi_smc_0_sc_util_v1_0_4_srl_rtl__parameterized0_49
INFO: [VRFC 10-311] analyzing module design_1_axi_smc_0_sc_util_v1_0_4_srl_rtl__parameterized0_50
INFO: [VRFC 10-311] analyzing module design_1_axi_smc_0_sc_util_v1_0_4_srl_rtl__parameterized0_51
INFO: [VRFC 10-311] analyzing module design_1_axi_smc_0_sc_util_v1_0_4_srl_rtl__parameterized0_52
INFO: [VRFC 10-311] analyzing module design_1_axi_smc_0_sc_util_v1_0_4_srl_rtl__parameterized0_53
INFO: [VRFC 10-311] analyzing module design_1_axi_smc_0_sc_util_v1_0_4_srl_rtl__parameterized0_54
INFO: [VRFC 10-311] analyzing module design_1_axi_smc_0_sc_util_v1_0_4_srl_rtl__parameterized0_55
INFO: [VRFC 10-311] analyzing module design_1_axi_smc_0_sc_util_v1_0_4_srl_rtl__parameterized0_56
INFO: [VRFC 10-311] analyzing module design_1_axi_smc_0_sc_util_v1_0_4_srl_rtl__parameterized0_57
INFO: [VRFC 10-311] analyzing module design_1_axi_smc_0_sc_util_v1_0_4_srl_rtl__parameterized0_58
INFO: [VRFC 10-311] analyzing module design_1_axi_smc_0_sc_util_v1_0_4_srl_rtl__parameterized0_59
INFO: [VRFC 10-311] analyzing module design_1_axi_smc_0_sc_util_v1_0_4_srl_rtl__parameterized0_60
INFO: [VRFC 10-311] analyzing module design_1_axi_smc_0_sc_util_v1_0_4_srl_rtl__parameterized0_61
INFO: [VRFC 10-311] analyzing module design_1_axi_smc_0_sc_util_v1_0_4_srl_rtl__parameterized0_62
INFO: [VRFC 10-311] analyzing module design_1_axi_smc_0_sc_util_v1_0_4_srl_rtl__parameterized0_63
INFO: [VRFC 10-311] analyzing module design_1_axi_smc_0_sc_util_v1_0_4_srl_rtl__parameterized0_64
INFO: [VRFC 10-311] analyzing module design_1_axi_smc_0_sc_util_v1_0_4_srl_rtl__parameterized0_65
INFO: [VRFC 10-311] analyzing module design_1_axi_smc_0_sc_util_v1_0_4_srl_rtl__parameterized0_66
INFO: [VRFC 10-311] analyzing module design_1_axi_smc_0_sc_util_v1_0_4_srl_rtl__parameterized0_67
INFO: [VRFC 10-311] analyzing module design_1_axi_smc_0_sc_util_v1_0_4_srl_rtl__parameterized0_68
INFO: [VRFC 10-311] analyzing module design_1_axi_smc_0_sc_util_v1_0_4_srl_rtl__parameterized0_69
INFO: [VRFC 10-311] analyzing module design_1_axi_smc_0_sc_util_v1_0_4_srl_rtl__parameterized0_70
INFO: [VRFC 10-311] analyzing module design_1_axi_smc_0_sc_util_v1_0_4_srl_rtl__parameterized0_71
INFO: [VRFC 10-311] analyzing module design_1_axi_smc_0_sc_util_v1_0_4_srl_rtl__parameterized0_72
INFO: [VRFC 10-311] analyzing module design_1_axi_smc_0_sc_util_v1_0_4_srl_rtl__parameterized0_73
INFO: [VRFC 10-311] analyzing module design_1_axi_smc_0_sc_util_v1_0_4_srl_rtl__parameterized0_74
INFO: [VRFC 10-311] analyzing module design_1_axi_smc_0_sc_util_v1_0_4_srl_rtl__parameterized0_75
INFO: [VRFC 10-311] analyzing module design_1_axi_smc_0_sc_util_v1_0_4_srl_rtl__parameterized0_76
INFO: [VRFC 10-311] analyzing module design_1_axi_smc_0_sc_util_v1_0_4_srl_rtl__parameterized0_77
INFO: [VRFC 10-311] analyzing module design_1_axi_smc_0_sc_util_v1_0_4_srl_rtl__parameterized0_99
INFO: [VRFC 10-311] analyzing module design_1_axi_smc_0_sc_util_v1_0_4_xpm_memory_fifo
INFO: [VRFC 10-311] analyzing module design_1_axi_smc_0_sc_util_v1_0_4_xpm_memory_fifo__parameterized0
INFO: [VRFC 10-311] analyzing module design_1_axi_smc_0_sc_util_v1_0_4_xpm_memory_fifo__parameterized1
INFO: [VRFC 10-311] analyzing module design_1_axi_smc_0_sc_util_v1_0_4_xpm_memory_fifo__parameterized2
INFO: [VRFC 10-311] analyzing module design_1_axi_smc_0_sc_util_v1_0_4_xpm_memory_fifo__xdcDup__1
INFO: [VRFC 10-311] analyzing module design_1_axi_bram_ctrl_0_bram_0_blk_mem_gen_generic_cstr
INFO: [VRFC 10-311] analyzing module design_1_axi_bram_ctrl_0_bram_0_blk_mem_gen_prim_width
INFO: [VRFC 10-311] analyzing module design_1_axi_bram_ctrl_0_bram_0_blk_mem_gen_prim_width__parameterized0
INFO: [VRFC 10-311] analyzing module design_1_axi_bram_ctrl_0_bram_0_blk_mem_gen_prim_wrapper
INFO: [VRFC 10-311] analyzing module design_1_axi_bram_ctrl_0_bram_0_blk_mem_gen_prim_wrapper__parameterized0
INFO: [VRFC 10-311] analyzing module design_1_axi_bram_ctrl_0_bram_0_blk_mem_gen_top
INFO: [VRFC 10-311] analyzing module design_1_axi_bram_ctrl_0_bram_0_blk_mem_gen_v8_4_5
INFO: [VRFC 10-311] analyzing module design_1_axi_bram_ctrl_0_bram_0_blk_mem_gen_v8_4_5_synth
INFO: [VRFC 10-311] analyzing module xVIA
INFO: [VRFC 10-311] analyzing module glbl
INFO: [VRFC 10-2263] Analyzing Verilog file "C:/Project/modules/clk_div.v" into library xil_defaultlib
INFO: [VRFC 10-311] analyzing module clk_div
INFO: [VRFC 10-2263] Analyzing Verilog file "C:/Project/modules/clk_div_tb.v" into library xil_defaultlib
INFO: [VRFC 10-311] analyzing module clk_div_tb
